<?xml version="1.0" encoding="UTF-8"?>
<testsuite name="com.edgewatcher.domain.UploadOrderTest" tests="6" skipped="0" failures="0" errors="0" timestamp="2026-09-09T21:41:11.701Z" hostname="Shus-MacBook-Pro.local" time="0.003">
  <properties/>
  <testcase name="an empty buffer produces an empty order" classname="com.edgewatcher.domain.UploadOrderTest" time="0.0"/>
  <testcase name="input that is not sorted is still ordered by capturedAt" classname="com.edgewatcher.domain.UploadOrderTest" time="0.0"/>
  <testcase name="the newest is not sent twice" classname="com.edgewatcher.domain.UploadOrderTest" time="0.0"/>
  <testcase name="a single row is sent as-is" classname="com.edgewatcher.domain.UploadOrderTest" time="0.001"/>
  <testcase name="a long backlog still puts the newest first" classname="com.edgewatcher.domain.UploadOrderTest" time="0.001"/>
  <testcase name="the newest goes first, then the rest oldest-first" classname="com.edgewatcher.domain.UploadOrderTest" time="0.0"/>
  <system-out><![CDATA[]]></system-out>
  <system-err><![CDATA[]]></system-err>
</testsuite>
