<?xml version="1.0" encoding="UTF-8"?>
<testsuite name="com.edgewatcher.domain.UlidGeneratorTest" tests="6" skipped="0" failures="0" errors="0" timestamp="2026-09-09T21:41:11.696Z" hostname="Shus-MacBook-Pro.local" time="0.004">
  <properties/>
  <testcase name="random part is drawn from the supplied source" classname="com.edgewatcher.domain.UlidGeneratorTest" time="0.0"/>
  <testcase name="lexical order follows chronological order" classname="com.edgewatcher.domain.UlidGeneratorTest" time="0.0"/>
  <testcase name="timestamp part equals the instant it was minted for" classname="com.edgewatcher.domain.UlidGeneratorTest" time="0.003"/>
  <testcase name="timestamp part follows the argument, not the wall clock" classname="com.edgewatcher.domain.UlidGeneratorTest" time="0.001"/>
  <testcase name="two ulids for the same instant differ in the random part" classname="com.edgewatcher.domain.UlidGeneratorTest" time="0.0"/>
  <testcase name="is 26 characters of Crockford base32" classname="com.edgewatcher.domain.UlidGeneratorTest" time="0.0"/>
  <system-out><![CDATA[]]></system-out>
  <system-err><![CDATA[]]></system-err>
</testsuite>
