<?xml version="1.0" encoding="UTF-8"?>
<testsuite name="com.edgewatcher.domain.BufferPolicyTest" tests="9" skipped="0" failures="0" errors="0" timestamp="2026-09-09T21:41:11.658Z" hostname="Shus-MacBook-Pro.local" time="0.037">
  <properties/>
  <testcase name="a buffer at exactly the count limit evicts nothing" classname="com.edgewatcher.domain.BufferPolicyTest" time="0.02"/>
  <testcase name="the limits are the values the spec fixed" classname="com.edgewatcher.domain.BufferPolicyTest" time="0.0"/>
  <testcase name="whichever limit is exceeded governs, and both end up satisfied" classname="com.edgewatcher.domain.BufferPolicyTest" time="0.006"/>
  <testcase name="five rows over the count limit evict the five oldest, in order" classname="com.edgewatcher.domain.BufferPolicyTest" time="0.008"/>
  <testcase name="the byte limit can bite well before the count limit" classname="com.edgewatcher.domain.BufferPolicyTest" time="0.0"/>
  <testcase name="a buffer at exactly the byte limit evicts nothing" classname="com.edgewatcher.domain.BufferPolicyTest" time="0.0"/>
  <testcase name="the byte limit evicts the fewest rows that bring it under, oldest first" classname="com.edgewatcher.domain.BufferPolicyTest" time="0.0"/>
  <testcase name="an empty buffer evicts nothing" classname="com.edgewatcher.domain.BufferPolicyTest" time="0.001"/>
  <testcase name="one row over the count limit evicts exactly the oldest one" classname="com.edgewatcher.domain.BufferPolicyTest" time="0.002"/>
  <system-out><![CDATA[]]></system-out>
  <system-err><![CDATA[]]></system-err>
</testsuite>
